<?xml version="1.0" encoding="UTF-8"?>
<coverage generated="1628272124116" clover="3.2.0">
  <project timestamp="1628272124116" name="All files">
    <metrics statements="5" coveredstatements="5" conditionals="0" coveredconditionals="0" methods="2" coveredmethods="2" elements="7" coveredelements="7" complexity="0" loc="5" ncloc="5" packages="1" files="1" classes="1"/>
    <file name="convert.js" path="C:\Users\vinic\Documents\GitHub\convertmymoney\lib\convert.js">
      <metrics statements="5" coveredstatements="5" conditionals="0" coveredconditionals="0" methods="2" coveredmethods="2"/>
      <line num="1" count="1" type="stmt"/>
      <line num="2" count="2" type="stmt"/>
      <line num="5" count="1" type="stmt"/>
      <line num="6" count="2" type="stmt"/>
      <line num="11" count="1" type="stmt"/>
    </file>
  </project>
</coverage>
